18-Apr-2018 12:32:57.476 INFO [main] org.apache.catalina.startup.VersionLoggerListener.log Server version:        Apache Tomcat/8.0.36
18-Apr-2018 12:32:57.479 INFO [main] org.apache.catalina.startup.VersionLoggerListener.log Server built:          Jun 9 2016 13:55:50 UTC
18-Apr-2018 12:32:57.479 INFO [main] org.apache.catalina.startup.VersionLoggerListener.log Server number:         8.0.36.0
18-Apr-2018 12:32:57.479 INFO [main] org.apache.catalina.startup.VersionLoggerListener.log OS Name:               Linux
18-Apr-2018 12:32:57.479 INFO [main] org.apache.catalina.startup.VersionLoggerListener.log OS Version:            4.4.0-116-generic
18-Apr-2018 12:32:57.479 INFO [main] org.apache.catalina.startup.VersionLoggerListener.log Architecture:          amd64
18-Apr-2018 12:32:57.479 INFO [main] org.apache.catalina.startup.VersionLoggerListener.log Java Home:             /usr/lib/jvm/jdk1.8.0_152/jre
18-Apr-2018 12:32:57.479 INFO [main] org.apache.catalina.startup.VersionLoggerListener.log JVM Version:           1.8.0_152-b16
18-Apr-2018 12:32:57.479 INFO [main] org.apache.catalina.startup.VersionLoggerListener.log JVM Vendor:            Oracle Corporation
18-Apr-2018 12:32:57.479 INFO [main] org.apache.catalina.startup.VersionLoggerListener.log CATALINA_BASE:         /home/shravan/Downloads/apache-tomcat-8.0.36
18-Apr-2018 12:32:57.479 INFO [main] org.apache.catalina.startup.VersionLoggerListener.log CATALINA_HOME:         /home/shravan/Downloads/apache-tomcat-8.0.36
18-Apr-2018 12:32:57.479 INFO [main] org.apache.catalina.startup.VersionLoggerListener.log Command line argument: -Djava.util.logging.config.file=/home/shravan/Downloads/apache-tomcat-8.0.36/conf/logging.properties
18-Apr-2018 12:32:57.479 INFO [main] org.apache.catalina.startup.VersionLoggerListener.log Command line argument: -Djava.util.logging.manager=org.apache.juli.ClassLoaderLogManager
18-Apr-2018 12:32:57.480 INFO [main] org.apache.catalina.startup.VersionLoggerListener.log Command line argument: -Djdk.tls.ephemeralDHKeySize=2048
18-Apr-2018 12:32:57.480 INFO [main] org.apache.catalina.startup.VersionLoggerListener.log Command line argument: -Djava.endorsed.dirs=/home/shravan/Downloads/apache-tomcat-8.0.36/endorsed
18-Apr-2018 12:32:57.480 INFO [main] org.apache.catalina.startup.VersionLoggerListener.log Command line argument: -Dcatalina.base=/home/shravan/Downloads/apache-tomcat-8.0.36
18-Apr-2018 12:32:57.480 INFO [main] org.apache.catalina.startup.VersionLoggerListener.log Command line argument: -Dcatalina.home=/home/shravan/Downloads/apache-tomcat-8.0.36
18-Apr-2018 12:32:57.480 INFO [main] org.apache.catalina.startup.VersionLoggerListener.log Command line argument: -Djava.io.tmpdir=/home/shravan/Downloads/apache-tomcat-8.0.36/temp
18-Apr-2018 12:32:57.480 INFO [main] org.apache.catalina.core.AprLifecycleListener.lifecycleEvent The APR based Apache Tomcat Native library which allows optimal performance in production environments was not found on the java.library.path: /usr/java/packages/lib/amd64:/usr/lib64:/lib64:/lib:/usr/lib
18-Apr-2018 12:32:57.644 INFO [main] org.apache.coyote.AbstractProtocol.init Initializing ProtocolHandler ["http-nio-8080"]
18-Apr-2018 12:32:57.661 INFO [main] org.apache.tomcat.util.net.NioSelectorPool.getSharedSelector Using a shared selector for servlet write/read
18-Apr-2018 12:32:57.663 INFO [main] org.apache.coyote.AbstractProtocol.init Initializing ProtocolHandler ["ajp-nio-8009"]
18-Apr-2018 12:32:57.664 INFO [main] org.apache.tomcat.util.net.NioSelectorPool.getSharedSelector Using a shared selector for servlet write/read
18-Apr-2018 12:32:57.665 INFO [main] org.apache.catalina.startup.Catalina.load Initialization processed in 610 ms
18-Apr-2018 12:32:57.697 INFO [main] org.apache.catalina.core.StandardService.startInternal Starting service Catalina
18-Apr-2018 12:32:57.697 INFO [main] org.apache.catalina.core.StandardEngine.startInternal Starting Servlet Engine: Apache Tomcat/8.0.36
18-Apr-2018 12:32:57.721 INFO [localhost-startStop-1] org.apache.catalina.startup.HostConfig.deployWAR Deploying web application archive /home/shravan/Downloads/apache-tomcat-8.0.36/webapps/Amazon.war
18-Apr-2018 12:33:05.239 INFO [localhost-startStop-1] org.apache.jasper.servlet.TldScanner.scanJars At least one JAR was scanned for TLDs yet contained no TLDs. Enable debug logging for this logger for a complete list of JARs that were scanned but no TLDs were found in them. Skipping unneeded JARs during scanning can improve startup time and JSP compilation time.
18-Apr-2018 12:33:06.367 INFO [localhost-startStop-1] org.apache.catalina.startup.HostConfig.deployWAR Deployment of web application archive /home/shravan/Downloads/apache-tomcat-8.0.36/webapps/Amazon.war has finished in 8,646 ms
18-Apr-2018 12:33:06.368 INFO [localhost-startStop-1] org.apache.catalina.startup.HostConfig.deployDirectory Deploying web application directory /home/shravan/Downloads/apache-tomcat-8.0.36/webapps/docs
18-Apr-2018 12:33:06.426 INFO [localhost-startStop-1] org.apache.catalina.startup.HostConfig.deployDirectory Deployment of web application directory /home/shravan/Downloads/apache-tomcat-8.0.36/webapps/docs has finished in 58 ms
18-Apr-2018 12:33:06.426 INFO [localhost-startStop-1] org.apache.catalina.startup.HostConfig.deployDirectory Deploying web application directory /home/shravan/Downloads/apache-tomcat-8.0.36/webapps/examples
18-Apr-2018 12:33:06.852 INFO [localhost-startStop-1] org.apache.catalina.startup.HostConfig.deployDirectory Deployment of web application directory /home/shravan/Downloads/apache-tomcat-8.0.36/webapps/examples has finished in 426 ms
18-Apr-2018 12:33:06.852 INFO [localhost-startStop-1] org.apache.catalina.startup.HostConfig.deployDirectory Deploying web application directory /home/shravan/Downloads/apache-tomcat-8.0.36/webapps/host-manager
18-Apr-2018 12:33:06.880 INFO [localhost-startStop-1] org.apache.catalina.startup.HostConfig.deployDirectory Deployment of web application directory /home/shravan/Downloads/apache-tomcat-8.0.36/webapps/host-manager has finished in 28 ms
18-Apr-2018 12:33:06.880 INFO [localhost-startStop-1] org.apache.catalina.startup.HostConfig.deployDirectory Deploying web application directory /home/shravan/Downloads/apache-tomcat-8.0.36/webapps/manager
18-Apr-2018 12:33:06.894 INFO [localhost-startStop-1] org.apache.catalina.startup.HostConfig.deployDirectory Deployment of web application directory /home/shravan/Downloads/apache-tomcat-8.0.36/webapps/manager has finished in 14 ms
18-Apr-2018 12:33:06.894 INFO [localhost-startStop-1] org.apache.catalina.startup.HostConfig.deployDirectory Deploying web application directory /home/shravan/Downloads/apache-tomcat-8.0.36/webapps/ROOT
18-Apr-2018 12:33:06.920 INFO [localhost-startStop-1] org.apache.catalina.startup.HostConfig.deployDirectory Deployment of web application directory /home/shravan/Downloads/apache-tomcat-8.0.36/webapps/ROOT has finished in 26 ms
18-Apr-2018 12:33:06.933 INFO [main] org.apache.coyote.AbstractProtocol.start Starting ProtocolHandler ["http-nio-8080"]
18-Apr-2018 12:33:06.942 INFO [main] org.apache.coyote.AbstractProtocol.start Starting ProtocolHandler ["ajp-nio-8009"]
18-Apr-2018 12:33:06.943 INFO [main] org.apache.catalina.startup.Catalina.start Server startup in 9278 ms
Loading class `com.mysql.jdbc.Driver'. This is deprecated. The new driver class is `com.mysql.cj.jdbc.Driver'. The driver is automatically registered via the SPI and manual loading of the driver class is generally unnecessary.
18-Apr-2018 21:32:06.459 WARNING [main] org.apache.catalina.core.StandardServer.await StandardServer.await: Invalid command '' received
18-Apr-2018 21:35:26.402 WARNING [main] org.apache.catalina.core.StandardServer.await StandardServer.await: Invalid command '' received
18-Apr-2018 21:40:30.253 WARNING [main] org.apache.catalina.core.StandardServer.await StandardServer.await: Invalid command '' received
18-Apr-2018 21:41:12.947 WARNING [main] org.apache.catalina.core.StandardServer.await StandardServer.await: Invalid command '' received
21-Apr-2018 10:53:38.046 INFO [Thread-5] org.apache.coyote.AbstractProtocol.pause Pausing ProtocolHandler ["http-nio-8080"]
21-Apr-2018 10:53:40.962 INFO [Thread-5] org.apache.coyote.AbstractProtocol.pause Pausing ProtocolHandler ["ajp-nio-8009"]
21-Apr-2018 10:53:41.013 INFO [Thread-5] org.apache.catalina.core.StandardService.stopInternal Stopping service Catalina
21-Apr-2018 10:53:49.219 WARNING [localhost-startStop-2] org.apache.catalina.loader.WebappClassLoaderBase.clearReferencesJdbc The web application [Amazon] registered the JDBC driver [com.mysql.cj.jdbc.Driver] but failed to unregister it when the web application was stopped. To prevent a memory leak, the JDBC Driver has been forcibly unregistered.
21-Apr-2018 10:53:49.370 WARNING [localhost-startStop-2] org.apache.catalina.loader.WebappClassLoaderBase.clearReferencesThreads The web application [Amazon] appears to have started a thread named [Abandoned connection cleanup thread] but has failed to stop it. This is very likely to create a memory leak. Stack trace of thread:
 java.lang.Object.wait(Native Method)
 java.lang.ref.ReferenceQueue.remove(ReferenceQueue.java:143)
 com.mysql.cj.jdbc.AbandonedConnectionCleanupThread.run(AbandonedConnectionCleanupThread.java:43)
21-Apr-2018 10:53:52.786 INFO [Thread-5] org.apache.coyote.AbstractProtocol.stop Stopping ProtocolHandler ["http-nio-8080"]
21-Apr-2018 10:53:53.013 INFO [Thread-5] org.apache.coyote.AbstractProtocol.stop Stopping ProtocolHandler ["ajp-nio-8009"]
21-Apr-2018 10:53:53.366 INFO [Thread-5] org.apache.coyote.AbstractProtocol.destroy Destroying ProtocolHandler ["http-nio-8080"]
21-Apr-2018 10:53:53.450 INFO [Thread-5] org.apache.coyote.AbstractProtocol.destroy Destroying ProtocolHandler ["ajp-nio-8009"]
23-Apr-2018 18:48:07.450 INFO [main] org.apache.catalina.startup.VersionLoggerListener.log Server version:        Apache Tomcat/8.0.36
23-Apr-2018 18:48:07.482 INFO [main] org.apache.catalina.startup.VersionLoggerListener.log Server built:          Jun 9 2016 13:55:50 UTC
23-Apr-2018 18:48:07.483 INFO [main] org.apache.catalina.startup.VersionLoggerListener.log Server number:         8.0.36.0
23-Apr-2018 18:48:07.483 INFO [main] org.apache.catalina.startup.VersionLoggerListener.log OS Name:               Linux
23-Apr-2018 18:48:07.483 INFO [main] org.apache.catalina.startup.VersionLoggerListener.log OS Version:            4.4.0-119-generic
23-Apr-2018 18:48:07.484 INFO [main] org.apache.catalina.startup.VersionLoggerListener.log Architecture:          amd64
23-Apr-2018 18:48:07.484 INFO [main] org.apache.catalina.startup.VersionLoggerListener.log Java Home:             /usr/lib/jvm/jdk1.8.0_152/jre
23-Apr-2018 18:48:07.484 INFO [main] org.apache.catalina.startup.VersionLoggerListener.log JVM Version:           1.8.0_152-b16
23-Apr-2018 18:48:07.484 INFO [main] org.apache.catalina.startup.VersionLoggerListener.log JVM Vendor:            Oracle Corporation
23-Apr-2018 18:48:07.485 INFO [main] org.apache.catalina.startup.VersionLoggerListener.log CATALINA_BASE:         /home/shravan/Downloads/apache-tomcat-8.0.36
23-Apr-2018 18:48:07.485 INFO [main] org.apache.catalina.startup.VersionLoggerListener.log CATALINA_HOME:         /home/shravan/Downloads/apache-tomcat-8.0.36
23-Apr-2018 18:48:07.486 INFO [main] org.apache.catalina.startup.VersionLoggerListener.log Command line argument: -Djava.util.logging.config.file=/home/shravan/Downloads/apache-tomcat-8.0.36/conf/logging.properties
23-Apr-2018 18:48:07.486 INFO [main] org.apache.catalina.startup.VersionLoggerListener.log Command line argument: -Djava.util.logging.manager=org.apache.juli.ClassLoaderLogManager
23-Apr-2018 18:48:07.486 INFO [main] org.apache.catalina.startup.VersionLoggerListener.log Command line argument: -Djdk.tls.ephemeralDHKeySize=2048
23-Apr-2018 18:48:07.487 INFO [main] org.apache.catalina.startup.VersionLoggerListener.log Command line argument: -Djava.endorsed.dirs=/home/shravan/Downloads/apache-tomcat-8.0.36/endorsed
23-Apr-2018 18:48:07.487 INFO [main] org.apache.catalina.startup.VersionLoggerListener.log Command line argument: -Dcatalina.base=/home/shravan/Downloads/apache-tomcat-8.0.36
23-Apr-2018 18:48:07.488 INFO [main] org.apache.catalina.startup.VersionLoggerListener.log Command line argument: -Dcatalina.home=/home/shravan/Downloads/apache-tomcat-8.0.36
23-Apr-2018 18:48:07.488 INFO [main] org.apache.catalina.startup.VersionLoggerListener.log Command line argument: -Djava.io.tmpdir=/home/shravan/Downloads/apache-tomcat-8.0.36/temp
23-Apr-2018 18:48:07.488 INFO [main] org.apache.catalina.core.AprLifecycleListener.lifecycleEvent The APR based Apache Tomcat Native library which allows optimal performance in production environments was not found on the java.library.path: /usr/java/packages/lib/amd64:/usr/lib64:/lib64:/lib:/usr/lib
23-Apr-2018 18:48:07.933 INFO [main] org.apache.coyote.AbstractProtocol.init Initializing ProtocolHandler ["http-nio-8080"]
23-Apr-2018 18:48:07.955 INFO [main] org.apache.tomcat.util.net.NioSelectorPool.getSharedSelector Using a shared selector for servlet write/read
23-Apr-2018 18:48:07.958 INFO [main] org.apache.coyote.AbstractProtocol.init Initializing ProtocolHandler ["ajp-nio-8009"]
23-Apr-2018 18:48:07.960 INFO [main] org.apache.tomcat.util.net.NioSelectorPool.getSharedSelector Using a shared selector for servlet write/read
23-Apr-2018 18:48:07.961 INFO [main] org.apache.catalina.startup.Catalina.load Initialization processed in 1114 ms
23-Apr-2018 18:48:08.022 INFO [main] org.apache.catalina.core.StandardService.startInternal Starting service Catalina
23-Apr-2018 18:48:08.022 INFO [main] org.apache.catalina.core.StandardEngine.startInternal Starting Servlet Engine: Apache Tomcat/8.0.36
23-Apr-2018 18:48:08.135 INFO [localhost-startStop-1] org.apache.catalina.startup.HostConfig.deployWAR Deploying web application archive /home/shravan/Downloads/apache-tomcat-8.0.36/webapps/Amazon.war
23-Apr-2018 18:48:17.336 INFO [localhost-startStop-1] org.apache.jasper.servlet.TldScanner.scanJars At least one JAR was scanned for TLDs yet contained no TLDs. Enable debug logging for this logger for a complete list of JARs that were scanned but no TLDs were found in them. Skipping unneeded JARs during scanning can improve startup time and JSP compilation time.
23-Apr-2018 18:48:18.353 INFO [localhost-startStop-1] org.apache.catalina.startup.HostConfig.deployWAR Deployment of web application archive /home/shravan/Downloads/apache-tomcat-8.0.36/webapps/Amazon.war has finished in 10,217 ms
23-Apr-2018 18:48:18.354 INFO [localhost-startStop-1] org.apache.catalina.startup.HostConfig.deployDirectory Deploying web application directory /home/shravan/Downloads/apache-tomcat-8.0.36/webapps/docs
23-Apr-2018 18:48:18.412 INFO [localhost-startStop-1] org.apache.catalina.startup.HostConfig.deployDirectory Deployment of web application directory /home/shravan/Downloads/apache-tomcat-8.0.36/webapps/docs has finished in 58 ms
23-Apr-2018 18:48:18.413 INFO [localhost-startStop-1] org.apache.catalina.startup.HostConfig.deployDirectory Deploying web application directory /home/shravan/Downloads/apache-tomcat-8.0.36/webapps/examples
23-Apr-2018 18:48:19.402 INFO [localhost-startStop-1] org.apache.catalina.startup.HostConfig.deployDirectory Deployment of web application directory /home/shravan/Downloads/apache-tomcat-8.0.36/webapps/examples has finished in 989 ms
23-Apr-2018 18:48:19.403 INFO [localhost-startStop-1] org.apache.catalina.startup.HostConfig.deployDirectory Deploying web application directory /home/shravan/Downloads/apache-tomcat-8.0.36/webapps/host-manager
23-Apr-2018 18:48:19.429 INFO [localhost-startStop-1] org.apache.catalina.startup.HostConfig.deployDirectory Deployment of web application directory /home/shravan/Downloads/apache-tomcat-8.0.36/webapps/host-manager has finished in 26 ms
23-Apr-2018 18:48:19.429 INFO [localhost-startStop-1] org.apache.catalina.startup.HostConfig.deployDirectory Deploying web application directory /home/shravan/Downloads/apache-tomcat-8.0.36/webapps/manager
23-Apr-2018 18:48:19.444 INFO [localhost-startStop-1] org.apache.catalina.startup.HostConfig.deployDirectory Deployment of web application directory /home/shravan/Downloads/apache-tomcat-8.0.36/webapps/manager has finished in 15 ms
23-Apr-2018 18:48:19.445 INFO [localhost-startStop-1] org.apache.catalina.startup.HostConfig.deployDirectory Deploying web application directory /home/shravan/Downloads/apache-tomcat-8.0.36/webapps/ROOT
23-Apr-2018 18:48:19.482 INFO [localhost-startStop-1] org.apache.catalina.startup.HostConfig.deployDirectory Deployment of web application directory /home/shravan/Downloads/apache-tomcat-8.0.36/webapps/ROOT has finished in 37 ms
23-Apr-2018 18:48:19.494 INFO [main] org.apache.coyote.AbstractProtocol.start Starting ProtocolHandler ["http-nio-8080"]
23-Apr-2018 18:48:19.502 INFO [main] org.apache.coyote.AbstractProtocol.start Starting ProtocolHandler ["ajp-nio-8009"]
23-Apr-2018 18:48:19.504 INFO [main] org.apache.catalina.startup.Catalina.start Server startup in 11543 ms
Loading class `com.mysql.jdbc.Driver'. This is deprecated. The new driver class is `com.mysql.cj.jdbc.Driver'. The driver is automatically registered via the SPI and manual loading of the driver class is generally unnecessary.
23-Apr-2018 18:50:19.684 INFO [main] org.apache.catalina.core.StandardServer.await A valid shutdown command was received via the shutdown port. Stopping the Server instance.
23-Apr-2018 18:50:19.685 INFO [main] org.apache.coyote.AbstractProtocol.pause Pausing ProtocolHandler ["http-nio-8080"]
23-Apr-2018 18:50:19.736 INFO [main] org.apache.coyote.AbstractProtocol.pause Pausing ProtocolHandler ["ajp-nio-8009"]
23-Apr-2018 18:50:19.787 INFO [main] org.apache.catalina.core.StandardService.stopInternal Stopping service Catalina
23-Apr-2018 18:50:19.962 WARNING [localhost-startStop-2] org.apache.catalina.loader.WebappClassLoaderBase.clearReferencesJdbc The web application [Amazon] registered the JDBC driver [com.mysql.cj.jdbc.Driver] but failed to unregister it when the web application was stopped. To prevent a memory leak, the JDBC Driver has been forcibly unregistered.
23-Apr-2018 18:50:19.963 WARNING [localhost-startStop-2] org.apache.catalina.loader.WebappClassLoaderBase.clearReferencesThreads The web application [Amazon] appears to have started a thread named [Abandoned connection cleanup thread] but has failed to stop it. This is very likely to create a memory leak. Stack trace of thread:
 java.lang.Object.wait(Native Method)
 java.lang.ref.ReferenceQueue.remove(ReferenceQueue.java:143)
 com.mysql.cj.jdbc.AbandonedConnectionCleanupThread.run(AbandonedConnectionCleanupThread.java:43)
23-Apr-2018 18:50:19.981 INFO [main] org.apache.coyote.AbstractProtocol.stop Stopping ProtocolHandler ["http-nio-8080"]
23-Apr-2018 18:50:19.988 INFO [main] org.apache.coyote.AbstractProtocol.stop Stopping ProtocolHandler ["ajp-nio-8009"]
23-Apr-2018 18:50:19.989 INFO [main] org.apache.coyote.AbstractProtocol.destroy Destroying ProtocolHandler ["http-nio-8080"]
23-Apr-2018 18:50:19.990 INFO [main] org.apache.coyote.AbstractProtocol.destroy Destroying ProtocolHandler ["ajp-nio-8009"]
23-Apr-2018 18:50:23.137 INFO [main] org.apache.catalina.startup.VersionLoggerListener.log Server version:        Apache Tomcat/8.0.36
23-Apr-2018 18:50:23.141 INFO [main] org.apache.catalina.startup.VersionLoggerListener.log Server built:          Jun 9 2016 13:55:50 UTC
23-Apr-2018 18:50:23.141 INFO [main] org.apache.catalina.startup.VersionLoggerListener.log Server number:         8.0.36.0
23-Apr-2018 18:50:23.142 INFO [main] org.apache.catalina.startup.VersionLoggerListener.log OS Name:               Linux
23-Apr-2018 18:50:23.142 INFO [main] org.apache.catalina.startup.VersionLoggerListener.log OS Version:            4.4.0-119-generic
23-Apr-2018 18:50:23.142 INFO [main] org.apache.catalina.startup.VersionLoggerListener.log Architecture:          amd64
23-Apr-2018 18:50:23.142 INFO [main] org.apache.catalina.startup.VersionLoggerListener.log Java Home:             /usr/lib/jvm/jdk1.8.0_152/jre
23-Apr-2018 18:50:23.142 INFO [main] org.apache.catalina.startup.VersionLoggerListener.log JVM Version:           1.8.0_152-b16
23-Apr-2018 18:50:23.142 INFO [main] org.apache.catalina.startup.VersionLoggerListener.log JVM Vendor:            Oracle Corporation
23-Apr-2018 18:50:23.142 INFO [main] org.apache.catalina.startup.VersionLoggerListener.log CATALINA_BASE:         /home/shravan/Downloads/apache-tomcat-8.0.36
23-Apr-2018 18:50:23.142 INFO [main] org.apache.catalina.startup.VersionLoggerListener.log CATALINA_HOME:         /home/shravan/Downloads/apache-tomcat-8.0.36
23-Apr-2018 18:50:23.142 INFO [main] org.apache.catalina.startup.VersionLoggerListener.log Command line argument: -Djava.util.logging.config.file=/home/shravan/Downloads/apache-tomcat-8.0.36/conf/logging.properties
23-Apr-2018 18:50:23.142 INFO [main] org.apache.catalina.startup.VersionLoggerListener.log Command line argument: -Djava.util.logging.manager=org.apache.juli.ClassLoaderLogManager
23-Apr-2018 18:50:23.143 INFO [main] org.apache.catalina.startup.VersionLoggerListener.log Command line argument: -Djdk.tls.ephemeralDHKeySize=2048
23-Apr-2018 18:50:23.143 INFO [main] org.apache.catalina.startup.VersionLoggerListener.log Command line argument: -Djava.endorsed.dirs=/home/shravan/Downloads/apache-tomcat-8.0.36/endorsed
23-Apr-2018 18:50:23.143 INFO [main] org.apache.catalina.startup.VersionLoggerListener.log Command line argument: -Dcatalina.base=/home/shravan/Downloads/apache-tomcat-8.0.36
23-Apr-2018 18:50:23.143 INFO [main] org.apache.catalina.startup.VersionLoggerListener.log Command line argument: -Dcatalina.home=/home/shravan/Downloads/apache-tomcat-8.0.36
23-Apr-2018 18:50:23.143 INFO [main] org.apache.catalina.startup.VersionLoggerListener.log Command line argument: -Djava.io.tmpdir=/home/shravan/Downloads/apache-tomcat-8.0.36/temp
23-Apr-2018 18:50:23.143 INFO [main] org.apache.catalina.core.AprLifecycleListener.lifecycleEvent The APR based Apache Tomcat Native library which allows optimal performance in production environments was not found on the java.library.path: /usr/java/packages/lib/amd64:/usr/lib64:/lib64:/lib:/usr/lib
23-Apr-2018 18:50:23.342 INFO [main] org.apache.coyote.AbstractProtocol.init Initializing ProtocolHandler ["http-nio-8080"]
23-Apr-2018 18:50:23.366 INFO [main] org.apache.tomcat.util.net.NioSelectorPool.getSharedSelector Using a shared selector for servlet write/read
23-Apr-2018 18:50:23.369 INFO [main] org.apache.coyote.AbstractProtocol.init Initializing ProtocolHandler ["ajp-nio-8009"]
23-Apr-2018 18:50:23.370 INFO [main] org.apache.tomcat.util.net.NioSelectorPool.getSharedSelector Using a shared selector for servlet write/read
23-Apr-2018 18:50:23.371 INFO [main] org.apache.catalina.startup.Catalina.load Initialization processed in 702 ms
23-Apr-2018 18:50:23.408 INFO [main] org.apache.catalina.core.StandardService.startInternal Starting service Catalina
23-Apr-2018 18:50:23.408 INFO [main] org.apache.catalina.core.StandardEngine.startInternal Starting Servlet Engine: Apache Tomcat/8.0.36
23-Apr-2018 18:50:23.442 INFO [localhost-startStop-1] org.apache.catalina.startup.HostConfig.deployWAR Deploying web application archive /home/shravan/Downloads/apache-tomcat-8.0.36/webapps/Amazon.war
23-Apr-2018 18:50:30.572 INFO [localhost-startStop-1] org.apache.jasper.servlet.TldScanner.scanJars At least one JAR was scanned for TLDs yet contained no TLDs. Enable debug logging for this logger for a complete list of JARs that were scanned but no TLDs were found in them. Skipping unneeded JARs during scanning can improve startup time and JSP compilation time.
23-Apr-2018 18:50:32.024 INFO [localhost-startStop-1] org.apache.catalina.startup.HostConfig.deployWAR Deployment of web application archive /home/shravan/Downloads/apache-tomcat-8.0.36/webapps/Amazon.war has finished in 8,581 ms
23-Apr-2018 18:50:32.025 INFO [localhost-startStop-1] org.apache.catalina.startup.HostConfig.deployDirectory Deploying web application directory /home/shravan/Downloads/apache-tomcat-8.0.36/webapps/docs
23-Apr-2018 18:50:32.041 INFO [localhost-startStop-1] org.apache.catalina.startup.HostConfig.deployDirectory Deployment of web application directory /home/shravan/Downloads/apache-tomcat-8.0.36/webapps/docs has finished in 15 ms
23-Apr-2018 18:50:32.041 INFO [localhost-startStop-1] org.apache.catalina.startup.HostConfig.deployDirectory Deploying web application directory /home/shravan/Downloads/apache-tomcat-8.0.36/webapps/examples
23-Apr-2018 18:50:32.242 INFO [localhost-startStop-1] org.apache.catalina.startup.HostConfig.deployDirectory Deployment of web application directory /home/shravan/Downloads/apache-tomcat-8.0.36/webapps/examples has finished in 201 ms
23-Apr-2018 18:50:32.243 INFO [localhost-startStop-1] org.apache.catalina.startup.HostConfig.deployDirectory Deploying web application directory /home/shravan/Downloads/apache-tomcat-8.0.36/webapps/host-manager
23-Apr-2018 18:50:32.266 INFO [localhost-startStop-1] org.apache.catalina.startup.HostConfig.deployDirectory Deployment of web application directory /home/shravan/Downloads/apache-tomcat-8.0.36/webapps/host-manager has finished in 23 ms
23-Apr-2018 18:50:32.267 INFO [localhost-startStop-1] org.apache.catalina.startup.HostConfig.deployDirectory Deploying web application directory /home/shravan/Downloads/apache-tomcat-8.0.36/webapps/manager
23-Apr-2018 18:50:32.283 INFO [localhost-startStop-1] org.apache.catalina.startup.HostConfig.deployDirectory Deployment of web application directory /home/shravan/Downloads/apache-tomcat-8.0.36/webapps/manager has finished in 16 ms
23-Apr-2018 18:50:32.284 INFO [localhost-startStop-1] org.apache.catalina.startup.HostConfig.deployDirectory Deploying web application directory /home/shravan/Downloads/apache-tomcat-8.0.36/webapps/ROOT
23-Apr-2018 18:50:32.299 INFO [localhost-startStop-1] org.apache.catalina.startup.HostConfig.deployDirectory Deployment of web application directory /home/shravan/Downloads/apache-tomcat-8.0.36/webapps/ROOT has finished in 15 ms
23-Apr-2018 18:50:32.312 INFO [main] org.apache.coyote.AbstractProtocol.start Starting ProtocolHandler ["http-nio-8080"]
23-Apr-2018 18:50:32.324 INFO [main] org.apache.coyote.AbstractProtocol.start Starting ProtocolHandler ["ajp-nio-8009"]
23-Apr-2018 18:50:32.325 INFO [main] org.apache.catalina.startup.Catalina.start Server startup in 8954 ms
Loading class `com.mysql.jdbc.Driver'. This is deprecated. The new driver class is `com.mysql.cj.jdbc.Driver'. The driver is automatically registered via the SPI and manual loading of the driver class is generally unnecessary.
23-Apr-2018 19:23:55.337 INFO [main] org.apache.catalina.core.StandardServer.await A valid shutdown command was received via the shutdown port. Stopping the Server instance.
23-Apr-2018 19:23:55.338 INFO [main] org.apache.coyote.AbstractProtocol.pause Pausing ProtocolHandler ["http-nio-8080"]
23-Apr-2018 19:23:55.389 INFO [main] org.apache.coyote.AbstractProtocol.pause Pausing ProtocolHandler ["ajp-nio-8009"]
23-Apr-2018 19:23:55.440 INFO [main] org.apache.catalina.core.StandardService.stopInternal Stopping service Catalina
23-Apr-2018 19:23:55.616 WARNING [localhost-startStop-2] org.apache.catalina.loader.WebappClassLoaderBase.clearReferencesJdbc The web application [Amazon] registered the JDBC driver [com.mysql.cj.jdbc.Driver] but failed to unregister it when the web application was stopped. To prevent a memory leak, the JDBC Driver has been forcibly unregistered.
23-Apr-2018 19:23:55.619 WARNING [localhost-startStop-2] org.apache.catalina.loader.WebappClassLoaderBase.clearReferencesThreads The web application [Amazon] appears to have started a thread named [Abandoned connection cleanup thread] but has failed to stop it. This is very likely to create a memory leak. Stack trace of thread:
 java.lang.Object.wait(Native Method)
 java.lang.ref.ReferenceQueue.remove(ReferenceQueue.java:143)
 com.mysql.cj.jdbc.AbandonedConnectionCleanupThread.run(AbandonedConnectionCleanupThread.java:43)
23-Apr-2018 19:23:55.642 INFO [main] org.apache.coyote.AbstractProtocol.stop Stopping ProtocolHandler ["http-nio-8080"]
23-Apr-2018 19:23:55.713 INFO [main] org.apache.coyote.AbstractProtocol.stop Stopping ProtocolHandler ["ajp-nio-8009"]
23-Apr-2018 19:23:55.717 INFO [main] org.apache.coyote.AbstractProtocol.destroy Destroying ProtocolHandler ["http-nio-8080"]
23-Apr-2018 19:23:55.718 INFO [main] org.apache.coyote.AbstractProtocol.destroy Destroying ProtocolHandler ["ajp-nio-8009"]
